<?xml version="1.0" encoding="utf-8"?>
<coverage line-rate="0.9451999999999999" branch-rate="0.8623999999999999" version="1.9" timestamp="1775158409" lines-covered="1641" lines-valid="1736" branches-covered="257" branches-valid="298">
  <sources>
    <source>C:\Trabajo App Demo\Source\LogiFlowSolution2\LogiFlow\LogiFlow.Mobile\</source>
  </sources>
  <packages>
    <package name="LogiFlow.Mobile" line-rate="0.9451999999999999" branch-rate="0.8623999999999999" complexity="487">
      <classes>
        <class name="LogiFlow.Mobile.ViewModels.Splash.SplashViewModel" filename="ViewModels\Splash\SplashViewModel.cs" line-rate="1" branch-rate="1" complexity="1">
          <methods>
            <method name=".ctor" signature="(LogiFlow.Mobile.Services.Interfaces.INavigationService,LogiFlow.Mobile.Services.Interfaces.ISessionService,LogiFlow.Mobile.Services.Interfaces.ILogService,LogiFlow.Mobile.Services.Interfaces.ISettingsService,LogiFlow.Mobile.Services.Interfaces.ILocalizationService,LogiFlow.Mobile.Services.Interfaces.IThemeService)" line-rate="1" branch-rate="1" complexity="1">
              <lines>
                <line number="27" hits="4" branch="False" />
                <line number="28" hits="4" branch="False" />
                <line number="29" hits="4" branch="False" />
                <line number="30" hits="4" branch="False" />
                <line number="31" hits="4" branch="False" />
                <line number="32" hits="4" branch="False" />
                <line number="33" hits="4" branch="False" />
                <line number="34" hits="4" branch="False" />
                <line number="35" hits="4" branch="False" />
              </lines>
            </method>
          </methods>
          <lines>
            <line number="27" hits="4" branch="False" />
            <line number="28" hits="4" branch="False" />
            <line number="29" hits="4" branch="False" />
            <line number="30" hits="4" branch="False" />
            <line number="31" hits="4" branch="False" />
            <line number="32" hits="4" branch="False" />
            <line number="33" hits="4" branch="False" />
            <line number="34" hits="4" branch="False" />
            <line number="35" hits="4" branch="False" />
          </lines>
        </class>
        <class name="LogiFlow.Mobile.ViewModels.Splash.SplashViewModel/&lt;StartAsync&gt;d__7" filename="ViewModels\Splash\SplashViewModel.cs" line-rate="1" branch-rate="1" complexity="2">
          <methods>
            <method name="MoveNext" signature="()" line-rate="1" branch-rate="1" complexity="2">
              <lines>
                <line number="43" hits="4" branch="False" />
                <line number="45" hits="4" branch="False" />
                <line number="46" hits="4" branch="False" />
                <line number="48" hits="4" branch="False" />
                <line number="51" hits="4" branch="False" />
                <line number="52" hits="4" branch="False" />
                <line number="53" hits="4" branch="False" />
                <line number="55" hits="4" branch="True" condition-coverage="100% (2/2)">
                  <conditions>
                    <condition number="273" type="jump" coverage="100%" />
                  </conditions>
                </line>
                <line number="56" hits="1" branch="False" />
                <line number="57" hits="1" branch="False" />
                <line number="58" hits="1" branch="False" />
                <line number="59" hits="1" branch="False" />
                <line number="61" hits="3" branch="False" />
                <line number="62" hits="3" branch="False" />
                <line number="63" hits="3" branch="False" />
                <line number="64" hits="2" branch="False" />
                <line number="65" hits="3" branch="False" />
                <line number="66" hits="1" branch="False" />
                <line number="67" hits="1" branch="False" />
                <line number="68" hits="1" branch="False" />
                <line number="69" hits="1" branch="False" />
                <line number="70" hits="4" branch="False" />
              </lines>
            </method>
          </methods>
          <lines>
            <line number="43" hits="4" branch="False" />
            <line number="45" hits="4" branch="False" />
            <line number="46" hits="4" branch="False" />
            <line number="48" hits="4" branch="False" />
            <line number="51" hits="4" branch="False" />
            <line number="52" hits="4" branch="False" />
            <line number="53" hits="4" branch="False" />
            <line number="55" hits="4" branch="True" condition-coverage="100% (2/2)">
              <conditions>
                <condition number="273" type="jump" coverage="100%" />
              </conditions>
            </line>
            <line number="56" hits="1" branch="False" />
            <line number="57" hits="1" branch="False" />
            <line number="58" hits="1" branch="False" />
            <line number="59" hits="1" branch="False" />
            <line number="61" hits="3" branch="False" />
            <line number="62" hits="3" branch="False" />
            <line number="63" hits="3" branch="False" />
            <line number="64" hits="2" branch="False" />
            <line number="65" hits="3" branch="False" />
            <line number="66" hits="1" branch="False" />
            <line number="67" hits="1" branch="False" />
            <line number="68" hits="1" branch="False" />
            <line number="69" hits="1" branch="False" />
            <line number="70" hits="4" branch="False" />
          </lines>
        </class>
        <class name="LogiFlow.Mobile.ViewModels.Settings.SettingsViewModel" filename="ViewModels\Settings\SettingsViewModel.cs" line-rate="0.9708" branch-rate="0.7692" complexity="63">
          <methods>
            <method name="get_AppVersion" signature="()" line-rate="0" branch-rate="1" complexity="1">
              <lines>
                <line number="93" hits="0" branch="False" />
              </lines>
            </method>
            <method name="get_AvailableThemes" signature="()" line-rate="1" branch-rate="1" complexity="1">
              <lines>
                <line number="98" hits="69" branch="False" />
              </lines>
            </method>
            <method name="get_ScannerTypes" signature="()" line-rate="1" branch-rate="1" complexity="1">
              <lines>
                <line number="103" hits="65" branch="False" />
              </lines>
            </method>
            <method name="get_ServerEnvironments" signature="()" line-rate="1" branch-rate="1" complexity="1">
              <lines>
                <line number="108" hits="65" branch="False" />
              </lines>
            </method>
            <method name="LoadSettings" signature="()" line-rate="1" branch-rate="1" complexity="1">
              <lines>
                <line number="114" hits="8" branch="False" />
                <line number="115" hits="8" branch="False" />
                <line number="116" hits="8" branch="False" />
                <line number="117" hits="8" branch="False" />
                <line number="118" hits="8" branch="False" />
              </lines>
            </method>
            <method name="IsValidUrl" signature="(System.String)" line-rate="1" branch-rate="0.8332999999999999" complexity="6">
              <lines>
                <line number="121" hits="8" branch="True" condition-coverage="83.33% (5/6)">
                  <conditions>
                    <condition number="6" type="jump" coverage="100%" />
                    <condition number="17" type="jump" coverage="100%" />
                    <condition number="35" type="jump" coverage="50%" />
                  </conditions>
                </line>
                <line number="122" hits="8" branch="False" />
                <line number="123" hits="8" branch="False" />
              </lines>
            </method>
            <method name="RestoreDefaults" signature="()" line-rate="1" branch-rate="1" complexity="1">
              <lines>
                <line number="164" hits="1" branch="False" />
                <line number="165" hits="1" branch="False" />
                <line number="166" hits="1" branch="False" />
                <line number="167" hits="1" branch="False" />
                <line number="168" hits="1" branch="False" />
                <line number="169" hits="1" branch="False" />
                <line number="170" hits="1" branch="False" />
              </lines>
            </method>
            <method name="OnLanguageChanged" signature="(System.Object,System.EventArgs)" line-rate="1" branch-rate="1" complexity="1">
              <lines>
                <line number="272" hits="1" branch="False" />
                <line number="273" hits="1" branch="False" />
                <line number="274" hits="1" branch="False" />
                <line number="275" hits="1" branch="False" />
                <line number="276" hits="1" branch="False" />
              </lines>
            </method>
            <method name="InitializeSelectedLanguage" signature="()" line-rate="0.875" branch-rate="0.75" complexity="4">
              <lines>
                <line number="279" hits="9" branch="False" />
                <line number="280" hits="9" branch="True" condition-coverage="75% (3/4)">
                  <conditions>
                    <condition number="28" type="jump" coverage="100%" />
                    <condition number="41" type="jump" coverage="50%" />
                  </conditions>
                </line>
                <line number="281" hits="9" branch="False" />
                <line number="282" hits="8" branch="False" />
                <line number="283" hits="1" branch="False" />
                <line number="284" hits="0" branch="False" />
                <line number="285" hits="9" branch="False" />
                <line number="286" hits="9" branch="False" />
              </lines>
            </method>
            <method name="InitializeSelectedTheme" signature="()" line-rate="1" branch-rate="1" complexity="1">
              <lines>
                <line number="289" hits="1" branch="False" />
                <line number="290" hits="2" branch="False" />
                <line number="291" hits="1" branch="False" />
              </lines>
            </method>
            <method name="LoadStaticLists" signature="()" line-rate="1" branch-rate="0.625" complexity="24">
              <lines>
                <line number="319" hits="9" branch="False" />
                <line number="320" hits="9" branch="True" condition-coverage="62.5% (5/8)">
                  <conditions>
                    <condition number="15" type="jump" coverage="50%" />
                    <condition number="27" type="jump" coverage="100%" />
                    <condition number="37" type="jump" coverage="50%" />
                    <condition number="49" type="jump" coverage="50%" />
                  </conditions>
                </line>
                <line number="321" hits="9" branch="True" condition-coverage="62.5% (5/8)">
                  <conditions>
                    <condition number="70" type="jump" coverage="50%" />
                    <condition number="82" type="jump" coverage="100%" />
                    <condition number="92" type="jump" coverage="50%" />
                    <condition number="104" type="jump" coverage="50%" />
                  </conditions>
                </line>
                <line number="322" hits="9" branch="True" condition-coverage="62.5% (5/8)">
                  <conditions>
                    <condition number="125" type="jump" coverage="50%" />
                    <condition number="137" type="jump" coverage="100%" />
                    <condition number="147" type="jump" coverage="50%" />
                    <condition number="159" type="jump" coverage="50%" />
                  </conditions>
                </line>
                <line number="324" hits="9" branch="False" />
                <line number="325" hits="9" branch="False" />
                <line number="326" hits="9" branch="False" />
                <line number="328" hits="9" branch="False" />
                <line number="329" hits="9" branch="False" />
                <line number="330" hits="9" branch="False" />
                <line number="332" hits="9" branch="False" />
                <line number="333" hits="9" branch="False" />
                <line number="334" hits="9" branch="False" />
                <line number="336" hits="9" branch="False" />
                <line number="337" hits="9" branch="False" />
                <line number="338" hits="9" branch="False" />
                <line number="339" hits="9" branch="False" />
              </lines>
            </method>
            <method name="ValidateAll" signature="()" line-rate="1" branch-rate="1" complexity="6">
              <lines>
                <line number="367" hits="4" branch="False" />
                <line number="368" hits="4" branch="False" />
                <line number="369" hits="4" branch="False" />
                <line number="371" hits="4" branch="True" condition-coverage="100% (2/2)">
                  <conditions>
                    <condition number="59" type="jump" coverage="100%" />
                  </conditions>
                </line>
                <line number="372" hits="1" branch="False" />
                <line number="373" hits="1" branch="False" />
                <line number="374" hits="1" branch="False" />
                <line number="375" hits="1" branch="False" />
                <line number="376" hits="1" branch="False" />
                <line number="377" hits="3" branch="True" condition-coverage="100% (2/2)">
                  <conditions>
                    <condition number="125" type="jump" coverage="100%" />
                  </conditions>
                </line>
                <line number="378" hits="1" branch="False" />
                <line number="379" hits="1" branch="False" />
                <line number="380" hits="1" branch="False" />
                <line number="381" hits="1" branch="False" />
                <line number="382" hits="1" branch="False" />
                <line number="384" hits="4" branch="True" condition-coverage="100% (2/2)">
                  <conditions>
                    <condition number="187" type="jump" coverage="100%" />
                  </conditions>
                </line>
                <line number="385" hits="4" branch="False" />
              </lines>
            </method>
            <method name="ClearAllErrors" signature="()" line-rate="1" branch-rate="1" complexity="1">
              <lines>
                <line number="388" hits="10" branch="False" />
                <line number="389" hits="10" branch="False" />
                <line number="390" hits="10" branch="False" />
                <line number="391" hits="10" branch="False" />
                <line number="392" hits="10" branch="False" />
                <line number="393" hits="10" branch="False" />
              </lines>
            </method>
            <method name="OnSettingsChanged" signature="(LogiFlow.Mobile.DTOs.SettingsDto)" line-rate="1" branch-rate="1" complexity="1">
              <lines>
                <line number="362" hits="9" branch="False" />
                <line number="363" hits="9" branch="False" />
                <line number="364" hits="9" branch="False" />
              </lines>
            </method>
            <method name="OnSelectedLanguageChanged" signature="(System.String)" line-rate="0.8571" branch-rate="0.8332999999999999" complexity="6">
              <lines>
                <line number="342" hits="11" branch="False" />
                <line number="343" hits="11" branch="True" condition-coverage="50% (1/2)">
                  <conditions>
                    <condition number="9" type="jump" coverage="50%" />
                  </conditions>
                </line>
                <line number="344" hits="0" branch="False" />
                <line number="345" hits="0" branch="False" />
                <line number="348" hits="11" branch="True" condition-coverage="100% (4/4)">
                  <conditions>
                    <condition number="32" type="jump" coverage="100%" />
                    <condition number="45" type="jump" coverage="100%" />
                  </conditions>
                </line>
                <line number="349" hits="11" branch="False" />
                <line number="350" hits="8" branch="False" />
                <line number="351" hits="2" branch="False" />
                <line number="352" hits="1" branch="False" />
                <line number="353" hits="11" branch="False" />
                <line number="355" hits="11" branch="False" />
                <line number="356" hits="11" branch="False" />
                <line number="358" hits="11" branch="False" />
                <line number="359" hits="11" branch="False" />
              </lines>
            </method>
            <method name="OnSelectedThemeChanged" signature="(LogiFlow.Mobile.Models.SettingsOption)" line-rate="1" branch-rate="1" complexity="2">
              <lines>
                <line number="294" hits="11" branch="False" />
                <line number="295" hits="11" branch="True" condition-coverage="100% (2/2)">
                  <conditions>
                    <condition number="7" type="jump" coverage="100%" />
                  </conditions>
                </line>
                <line number="296" hits="11" branch="False" />
                <line number="297" hits="11" branch="False" />
                <line number="298" hits="11" branch="False" />
                <line number="299" hits="11" branch="False" />
                <line number="300" hits="11" branch="False" />
              </lines>
            </method>
            <method name="OnSelectedScannerTypeChanged" signature="(LogiFlow.Mobile.Models.SettingsOption)" line-rate="1" branch-rate="1" complexity="2">
              <lines>
                <line number="303" hits="9" branch="False" />
                <line number="304" hits="9" branch="True" condition-coverage="100% (2/2)">
                  <conditions>
                    <condition number="7" type="jump" coverage="100%" />
                  </conditions>
                </line>
                <line number="305" hits="9" branch="False" />
                <line number="306" hits="9" branch="False" />
                <line number="307" hits="9" branch="False" />
                <line number="308" hits="9" branch="False" />
              </lines>
            </method>
            <method name="OnSelectedEnvironmentChanged" signature="(LogiFlow.Mobile.Models.SettingsOption)" line-rate="1" branch-rate="1" complexity="2">
              <lines>
                <line number="311" hits="9" branch="False" />
                <line number="312" hits="9" branch="True" condition-coverage="100% (2/2)">
                  <conditions>
                    <condition number="7" type="jump" coverage="100%" />
                  </conditions>
                </line>
                <line number="313" hits="9" branch="False" />
                <line number="314" hits="9" branch="False" />
                <line number="315" hits="9" branch="False" />
                <line number="316" hits="9" branch="False" />
              </lines>
            </method>
            <method name=".ctor" signature="(LogiFlow.Mobile.Services.Interfaces.ISettingsService,LogiFlow.Mobile.Services.Interfaces.IScanService,LogiFlow.Mobile.Services.Interfaces.IConnectionService,LogiFlow.Mobile.Services.Interfaces.INavigationService,LogiFlow.Mobile.Services.Interfaces.ILocalizationService,LogiFlow.Mobile.Services.Interfaces.ILogService,LogiFlow.Mobile.Services.Interfaces.IErrorHandlerService,LogiFlow.Mobile.Services.Interfaces.ISettingsDisplayService,LogiFlow.Mobile.Services.Interfaces.IThemeService)" line-rate="1" branch-rate="1" complexity="1">
              <lines>
                <line number="29" hits="28" branch="False" />
                <line number="32" hits="28" branch="False" />
                <line number="41" hits="28" branch="False" />
                <line number="64" hits="28" branch="False" />
                <line number="65" hits="28" branch="False" />
                <line number="66" hits="28" branch="False" />
                <line number="67" hits="28" branch="False" />
                <line number="68" hits="28" branch="False" />
                <line number="69" hits="28" branch="False" />
                <line number="70" hits="28" branch="False" />
                <line number="71" hits="28" branch="False" />
                <line number="72" hits="28" branch="False" />
                <line number="73" hits="28" branch="False" />
                <line number="74" hits="28" branch="False" />
                <line number="75" hits="28" branch="False" />
                <line number="76" hits="28" branch="False" />
                <line number="77" hits="28" branch="False" />
                <line number="78" hits="28" branch="False" />
                <line number="79" hits="28" branch="False" />
                <line number="80" hits="28" branch="False" />
                <line number="81" hits="28" branch="False" />
                <line number="82" hits="28" branch="False" />
                <line number="84" hits="28" branch="False" />
                <line number="86" hits="28" branch="False" />
                <line number="87" hits="28" branch="False" />
                <line number="88" hits="28" branch="False" />
              </lines>
            </method>
          </methods>
          <lines>
            <line number="93" hits="0" branch="False" />
            <line number="98" hits="69" branch="False" />
            <line number="103" hits="65" branch="False" />
            <line number="108" hits="65" branch="False" />
            <line number="114" hits="8" branch="False" />
            <line number="115" hits="8" branch="False" />
            <line number="116" hits="8" branch="False" />
            <line number="117" hits="8" branch="False" />
            <line number="118" hits="8" branch="False" />
            <line number="121" hits="8" branch="True" condition-coverage="83.33% (5/6)">
              <conditions>
                <condition number="6" type="jump" coverage="100%" />
                <condition number="17" type="jump" coverage="100%" />
                <condition number="35" type="jump" coverage="50%" />
              </conditions>
            </line>
            <line number="122" hits="8" branch="False" />
            <line number="123" hits="8" branch="False" />
            <line number="164" hits="1" branch="False" />
            <line number="165" hits="1" branch="False" />
            <line number="166" hits="1" branch="False" />
            <line number="167" hits="1" branch="False" />
            <line number="168" hits="1" branch="False" />
            <line number="169" hits="1" branch="False" />
            <line number="170" hits="1" branch="False" />
            <line number="272" hits="1" branch="False" />
            <line number="273" hits="1" branch="False" />
            <line number="274" hits="1" branch="False" />
            <line number="275" hits="1" branch="False" />
            <line number="276" hits="1" branch="False" />
            <line number="279" hits="9" branch="False" />
            <line number="280" hits="9" branch="True" condition-coverage="75% (3/4)">
              <conditions>
                <condition number="28" type="jump" coverage="100%" />
                <condition number="41" type="jump" coverage="50%" />
              </conditions>
            </line>
            <line number="281" hits="9" branch="False" />
            <line number="282" hits="8" branch="False" />
            <line number="283" hits="1" branch="False" />
            <line number="284" hits="0" branch="False" />
            <line number="285" hits="9" branch="False" />
            <line number="286" hits="9" branch="False" />
            <line number="289" hits="1" branch="False" />
            <line number="290" hits="2" branch="False" />
            <line number="291" hits="1" branch="False" />
            <line number="319" hits="9" branch="False" />
            <line number="320" hits="9" branch="True" condition-coverage="62.5% (5/8)">
              <conditions>
                <condition number="15" type="jump" coverage="50%" />
                <condition number="27" type="jump" coverage="100%" />
                <condition number="37" type="jump" coverage="50%" />
                <condition number="49" type="jump" coverage="50%" />
              </conditions>
            </line>
            <line number="321" hits="9" branch="True" condition-coverage="62.5% (5/8)">
              <conditions>
                <condition number="70" type="jump" coverage="50%" />
                <condition number="82" type="jump" coverage="100%" />
                <condition number="92" type="jump" coverage="50%" />
                <condition number="104" type="jump" coverage="50%" />
              </conditions>
            </line>
            <line number="322" hits="9" branch="True" condition-coverage="62.5% (5/8)">
              <conditions>
                <condition number="125" type="jump" coverage="50%" />
                <condition number="137" type="jump" coverage="100%" />
                <condition number="147" type="jump" coverage="50%" />
                <condition number="159" type="jump" coverage="50%" />
              </conditions>
            </line>
            <line number="324" hits="9" branch="False" />
            <line number="325" hits="9" branch="False" />
            <line number="326" hits="9" branch="False" />
            <line number="328" hits="9" branch="False" />
            <line number="329" hits="9" branch="False" />
            <line number="330" hits="9" branch="False" />
            <line number="332" hits="9" branch="False" />
            <line number="333" hits="9" branch="False" />
            <line number="334" hits="9" branch="False" />
            <line number="336" hits="9" branch="False" />
            <line number="337" hits="9" branch="False" />
            <line number="338" hits="9" branch="False" />
            <line number="339" hits="9" branch="False" />
            <line number="367" hits="4" branch="False" />
            <line number="368" hits="4" branch="False" />
            <line number="369" hits="4" branch="False" />
            <line number="371" hits="4" branch="True" condition-coverage="100% (2/2)">
              <conditions>
                <condition number="59" type="jump" coverage="100%" />
              </conditions>
            </line>
            <line number="372" hits="1" branch="False" />
            <line number="373" hits="1" branch="False" />
            <line number="374" hits="1" branch="False" />
            <line number="375" hits="1" branch="False" />
            <line number="376" hits="1" branch="False" />
            <line number="377" hits="3" branch="True" condition-coverage="100% (2/2)">
              <conditions>
                <condition number="125" type="jump" coverage="100%" />
              </conditions>
            </line>
            <line number="378" hits="1" branch="False" />
            <line number="379" hits="1" branch="False" />
            <line number="380" hits="1" branch="False" />
            <line number="381" hits="1" branch="False" />
            <line number="382" hits="1" branch="False" />
            <line number="384" hits="4" branch="True" condition-coverage="100% (2/2)">
              <conditions>
                <condition number="187" type="jump" coverage="100%" />
              </conditions>
            </line>
            <line number="385" hits="4" branch="False" />
            <line number="388" hits="10" branch="False" />
            <line number="389" hits="10" branch="False" />
            <line number="390" hits="10" branch="False" />
            <line number="391" hits="10" branch="False" />
            <line number="392" hits="10" branch="False" />
            <line number="393" hits="10" branch="False" />
            <line number="362" hits="9" branch="False" />
            <line number="363" hits="9" branch="False" />
            <line number="364" hits="9" branch="False" />
            <line number="342" hits="11" branch="False" />
            <line number="343" hits="11" branch="True" condition-coverage="50% (1/2)">
              <conditions>
                <condition number="9" type="jump" coverage="50%" />
              </conditions>
            </line>
            <line number="344" hits="0" branch="False" />
            <line number="345" hits="0" branch="False" />
            <line number="348" hits="11" branch="True" condition-coverage="100% (4/4)">
              <conditions>
                <condition number="32" type="jump" coverage="100%" />
                <condition number="45" type="jump" coverage="100%" />
              </conditions>
            </line>
            <line number="349" hits="11" branch="False" />
            <line number="350" hits="8" branch="False" />
            <line number="351" hits="2" branch="False" />
            <line number="352" hits="1" branch="False" />
            <line number="353" hits="11" branch="False" />
            <line number="355" hits="11" branch="False" />
            <line number="356" hits="11" branch="False" />
            <line number="358" hits="11" branch="False" />
            <line number="359" hits="11" branch="False" />
            <line number="294" hits="11" branch="False" />
            <line number="295" hits="11" branch="True" condition-coverage="100% (2/2)">
              <conditions>
                <condition number="7" type="jump" coverage="100%" />
              </conditions>
            </line>
            <line number="296" hits="11" branch="False" />
            <line number="297" hits="11" branch="False" />
            <line number="298" hits="11" branch="False" />
            <line number="299" hits="11" branch="False" />
            <line number="300" hits="11" branch="False" />
            <line number="303" hits="9" branch="False" />
            <line number="304" hits="9" branch="True" condition-coverage="100% (2/2)">
              <conditions>
                <condition number="7" type="jump" coverage="100%" />
              </conditions>
            </line>
            <line number="305" hits="9" branch="False" />
            <line number="306" hits="9" branch="False" />
            <line number="307" hits="9" branch="False" />
            <line number="308" hits="9" branch="False" />
            <line number="311" hits="9" branch="False" />
            <line number="312" hits="9" branch="True" condition-coverage="100% (2/2)">
              <conditions>
                <condition number="7" type="jump" coverage="100%" />
              </conditions>
            </line>
            <line number="313" hits="9" branch="False" />
            <line number="314" hits="9" branch="False" />
            <line number="315" hits="9" branch="False" />
            <line number="316" hits="9" branch="False" />
            <line number="29" hits="28" branch="False" />
            <line number="32" hits="28" branch="False" />
            <line number="41" hits="28" branch="False" />
            <line number="64" hits="28" branch="False" />
            <line number="65" hits="28" branch="False" />
            <line number="66" hits="28" branch="False" />
            <line number="67" hits="28" branch="False" />
            <line number="68" hits="28" branch="False" />
            <line number="69" hits="28" branch="False" />
            <line number="70" hits="28" branch="False" />
            <line number="71" hits="28" branch="False" />
            <line number="72" hits="28" branch="False" />
            <line number="73" hits="28" branch="False" />
            <line number="74" hits="28" branch="False" />
            <line number="75" hits="28" branch="False" />
            <line number="76" hits="28" branch="False" />
            <line number="77" hits="28" branch="False" />
            <line number="78" hits="28" branch="False" />
            <line number="79" hits="28" branch="False" />
            <line number="80" hits="28" branch="False" />
            <line number="81" hits="28" branch="False" />
            <line number="82" hits="28" branch="False" />
            <line number="84" hits="28" branch="False" />
            <line number="86" hits="28" branch="False" />
            <line number="87" hits="28" branch="False" />
            <line number="88" hits="28" branch="False" />
          </lines>
        </class>
        <class name="LogiFlow.Mobile.ViewModels.Settings.SettingsViewModel/&lt;SaveAsync&gt;d__31" filename="ViewModels\Settings\SettingsViewModel.cs" line-rate="1" branch-rate="1" complexity="2">
          <methods>
            <method name="MoveNext" signature="()" line-rate="1" branch-rate="1" complexity="2">
              <lines>
                <line number="130" hits="4" branch="False" />
                <line number="131" hits="4" branch="True" condition-coverage="100% (2/2)">
                  <conditions>
                    <condition number="34" type="jump" coverage="100%" />
                  </conditions>
                </line>
                <line number="132" hits="2" branch="False" />
                <line number="133" hits="2" branch="False" />
                <line number="134" hits="2" branch="False" />
                <line number="137" hits="2" branch="False" />
                <line number="138" hits="2" branch="False" />
                <line number="140" hits="2" branch="False" />
                <line number="143" hits="2" branch="False" />
                <line number="144" hits="2" branch="False" />
                <line number="145" hits="1" branch="False" />
                <line number="146" hits="1" branch="False" />
                <line number="147" hits="1" branch="False" />
                <line number="148" hits="1" branch="False" />
                <line number="149" hits="1" branch="False" />
                <line number="150" hits="1" branch="False" />
                <line number="151" hits="1" branch="False" />
                <line number="152" hits="1" branch="False" />
                <line number="154" hits="2" branch="False" />
                <line number="155" hits="2" branch="False" />
                <line number="156" hits="2" branch="False" />
                <line number="157" hits="4" branch="False" />
              </lines>
            </method>
          </methods>
          <lines>
            <line number="130" hits="4" branch="False" />
            <line number="131" hits="4" branch="True" condition-coverage="100% (2/2)">
              <conditions>
                <condition number="34" type="jump" coverage="100%" />
              </conditions>
            </line>
            <line number="132" hits="2" branch="False" />
            <line number="133" hits="2" branch="False" />
            <line number="134" hits="2" branch="False" />
            <line number="137" hits="2" branch="False" />
            <line number="138" hits="2" branch="False" />
            <line number="140" hits="2" branch="False" />
            <line number="143" hits="2" branch="False" />
            <line number="144" hits="2" branch="False" />
            <line number="145" hits="1" branch="False" />
            <line number="146" hits="1" branch="False" />
            <line number="147" hits="1" branch="False" />
            <line number="148" hits="1" branch="False" />
            <line number="149" hits="1" branch="False" />
            <line number="150" hits="1" branch="False" />
            <line number="151" hits="1" branch="False" />
            <line number="152" hits="1" branch="False" />
            <line number="154" hits="2" branch="False" />
            <line number="155" hits="2" branch="False" />
            <line number="156" hits="2" branch="False" />
            <line number="157" hits="4" branch="False" />
          </lines>
        </class>
        <class name="LogiFlow.Mobile.ViewModels.Settings.SettingsViewModel/&lt;TestConnectionAsync&gt;d__34" filename="ViewModels\Settings\SettingsViewModel.cs" line-rate="0.7726999999999999" branch-rate="1" complexity="4">
          <methods>
            <method name="MoveNext" signature="()" line-rate="0.7726999999999999" branch-rate="1" complexity="4">
              <lines>
                <line number="218" hits="4" branch="False" />
                <line number="219" hits="4" branch="False" />
                <line number="220" hits="4" branch="True" condition-coverage="100% (2/2)">
                  <conditions>
                    <condition number="67" type="jump" coverage="100%" />
                  </conditions>
                </line>
                <line number="221" hits="1" branch="False" />
                <line number="222" hits="1" branch="False" />
                <line number="223" hits="1" branch="False" />
                <line number="224" hits="1" branch="False" />
                <line number="225" hits="1" branch="False" />
                <line number="226" hits="1" branch="False" />
                <line number="227" hits="1" branch="False" />
                <line number="230" hits="3" branch="False" />
                <line number="231" hits="3" branch="False" />
                <line number="233" hits="3" branch="False" />
                <line number="236" hits="3" branch="False" />
                <line number="237" hits="3" branch="False" />
                <line number="239" hits="2" branch="True" condition-coverage="100% (2/2)">
                  <conditions>
                    <condition number="479" type="jump" coverage="100%" />
                  </conditions>
                </line>
                <line number="240" hits="1" branch="False" />
                <line number="241" hits="1" branch="False" />
                <line number="242" hits="1" branch="False" />
                <line number="243" hits="1" branch="False" />
                <line number="244" hits="1" branch="False" />
                <line number="246" hits="1" branch="False" />
                <line number="247" hits="1" branch="False" />
                <line number="248" hits="1" branch="False" />
                <line number="249" hits="2" branch="False" />
                <line number="250" hits="0" branch="False" />
                <line number="251" hits="0" branch="False" />
                <line number="252" hits="0" branch="False" />
                <line number="253" hits="0" branch="False" />
                <line number="254" hits="0" branch="False" />
                <line number="255" hits="0" branch="False" />
                <line number="256" hits="0" branch="False" />
                <line number="257" hits="0" branch="False" />
                <line number="258" hits="0" branch="False" />
                <line number="259" hits="0" branch="False" />
                <line number="260" hits="1" branch="False" />
                <line number="261" hits="1" branch="False" />
                <line number="262" hits="1" branch="False" />
                <line number="263" hits="1" branch="False" />
                <line number="264" hits="1" branch="False" />
                <line number="266" hits="3" branch="False" />
                <line number="267" hits="3" branch="False" />
                <line number="268" hits="3" branch="False" />
                <line number="269" hits="4" branch="False" />
              </lines>
            </method>
          </methods>
          <lines>
            <line number="218" hits="4" branch="False" />
            <line number="219" hits="4" branch="False" />
            <line number="220" hits="4" branch="True" condition-coverage="100% (2/2)">
              <conditions>
                <condition number="67" type="jump" coverage="100%" />
              </conditions>
            </line>
            <line number="221" hits="1" branch="False" />
            <line number="222" hits="1" branch="False" />
            <line number="223" hits="1" branch="False" />
            <line number="224" hits="1" branch="False" />
            <line number="225" hits="1" branch="False" />
            <line number="226" hits="1" branch="False" />
            <line number="227" hits="1" branch="False" />
            <line number="230" hits="3" branch="False" />
            <line number="231" hits="3" branch="False" />
            <line number="233" hits="3" branch="False" />
            <line number="236" hits="3" branch="False" />
            <line number="237" hits="3" branch="False" />
            <line number="239" hits="2" branch="True" condition-coverage="100% (2/2)">
              <conditions>
                <condition number="479" type="jump" coverage="100%" />
              </conditions>
            </line>
            <line number="240" hits="1" branch="False" />
            <line number="241" hits="1" branch="False" />
            <line number="242" hits="1" branch="False" />
            <line number="243" hits="1" branch="False" />
            <line number="244" hits="1" branch="False" />
            <line number="246" hits="1" branch="False" />
            <line number="247" hits="1" branch="False" />
            <line number="248" hits="1" branch="False" />
            <line number="249" hits="2" branch="False" />
            <line number="250" hits="0" branch="False" />
            <line number="251" hits="0" branch="False" />
            <line number="252" hits="0" branch="False" />
            <line number="253" hits="0" branch="False" />
            <line number="254" hits="0" branch="False" />
            <line number="255" hits="0" branch="False" />
            <line number="256" hits="0" branch="False" />
            <line number="257" hits="0" branch="False" />
            <line number="258" hits="0" branch="False" />
            <line number="259" hits="0" branch="False" />
            <line number="260" hits="1" branch="False" />
            <line number="261" hits="1" branch="False" />
            <line number="262" hits="1" branch="False" />
            <line number="263" hits="1" branch="False" />
            <line number="264" hits="1" branch="False" />
            <line number="266" hits="3" branch="False" />
            <line number="267" hits="3" branch="False" />
            <line number="268" hits="3" branch="False" />
            <line number="269" hits="4" branch="False" />
          </lines>
        </class>
        <class name="LogiFlow.Mobile.ViewModels.Settings.SettingsViewModel/&lt;TestScannerAsync&gt;d__33" filename="ViewModels\Settings\SettingsViewModel.cs" line-rate="0.8332999999999999" branch-rate="1" complexity="2">
          <methods>
            <method name="MoveNext" signature="()" line-rate="0.8332999999999999" branch-rate="1" complexity="2">
              <lines>
                <line number="177" hits="3" branch="False" />
                <line number="178" hits="3" branch="False" />
                <line number="179" hits="3" branch="False" />
                <line number="181" hits="3" branch="False" />
                <line number="184" hits="3" branch="False" />
                <line number="185" hits="3" branch="False" />
                <line number="186" hits="2" branch="True" condition-coverage="100% (2/2)">
                  <conditions>
                    <condition number="264" type="jump" coverage="100%" />
                  </conditions>
                </line>
                <line number="187" hits="1" branch="False" />
                <line number="188" hits="1" branch="False" />
                <line number="189" hits="1" branch="False" />
                <line number="190" hits="1" branch="False" />
                <line number="191" hits="1" branch="False" />
                <line number="193" hits="1" branch="False" />
                <line number="194" hits="1" branch="False" />
                <line number="195" hits="1" branch="False" />
                <line number="196" hits="2" branch="False" />
                <line number="197" hits="0" branch="False" />
                <line number="198" hits="0" branch="False" />
                <line number="199" hits="0" branch="False" />
                <line number="200" hits="0" branch="False" />
                <line number="201" hits="0" branch="False" />
                <line number="202" hits="1" branch="False" />
                <line number="203" hits="1" branch="False" />
                <line number="204" hits="1" branch="False" />
                <line number="205" hits="1" branch="False" />
                <line number="206" hits="1" branch="False" />
                <line number="208" hits="3" branch="False" />
                <line number="209" hits="3" branch="False" />
                <line number="210" hits="3" branch="False" />
                <line number="211" hits="3" branch="False" />
              </lines>
            </method>
          </methods>
          <lines>
            <line number="177" hits="3" branch="False" />
            <line number="178" hits="3" branch="False" />
            <line number="179" hits="3" branch="False" />
            <line number="181" hits="3" branch="False" />
            <line number="184" hits="3" branch="False" />
            <line number="185" hits="3" branch="False" />
            <line number="186" hits="2" branch="True" condition-coverage="100% (2/2)">
              <conditions>
                <condition number="264" type="jump" coverage="100%" />
              </conditions>
            </line>
            <line number="187" hits="1" branch="False" />
            <line number="188" hits="1" branch="False" />
            <line number="189" hits="1" branch="False" />
            <line number="190" hits="1" branch="False" />
            <line number="191" hits="1" branch="False" />
            <line number="193" hits="1" branch="False" />
            <line number="194" hits="1" branch="False" />
            <line number="195" hits="1" branch="False" />
            <line number="196" hits="2" branch="False" />
            <line number="197" hits="0" branch="False" />
            <line number="198" hits="0" branch="False" />
            <line number="199" hits="0" branch="False" />
            <line number="200" hits="0" branch="False" />
            <line number="201" hits="0" branch="False" />
            <line number="202" hits="1" branch="False" />
            <line number="203" hits="1" branch="False" />
            <line number="204" hits="1" branch="False" />
            <line number="205" hits="1" branch="False" />
            <line number="206" hits="1" branch="False" />
            <line number="208" hits="3" branch="False" />
            <line number="209" hits="3" branch="False" />
            <line number="210" hits="3" branch="False" />
            <line number="211" hits="3" branch="False" />
          </lines>
        </class>
        <class name="LogiFlow.Mobile.ViewModels.Settings.SettingsViewModel" filename="obj\Debug\net9.0\CommunityToolkit.Mvvm.SourceGenerators\CommunityToolkit.Mvvm.SourceGenerators.RelayCommandGenerator\LogiFlow.Mobile.ViewModels.Settings.SettingsViewModel.SaveAsync.g.cs" line-rate="0" branch-rate="1" complexity="1">
          <methods>
            <method name="&lt;get_SaveCommand&gt;b__99_0" signature="()" line-rate="0" branch-rate="1" complexity="1">
              <lines>
                <line number="15" hits="0" branch="False" />
              </lines>
            </method>
          </methods>
          <lines>
            <line number="15" hits="0" branch="False" />
          </lines>
        </class>
        <class name="LogiFlow.Mobile.ViewModels.Settings.SettingsViewModel" filename="obj\Debug\net9.0\CommunityToolkit.Mvvm.SourceGenerators\CommunityToolkit.Mvvm.SourceGenerators.RelayCommandGenerator\LogiFlow.Mobile.ViewModels.Settings.SettingsViewModel.RestoreDefaults.g.cs" line-rate="0" branch-rate="1" complexity="1">
          <methods>
            <method name="&lt;get_RestoreDefaultsCommand&gt;b__102_0" signature="()" line-rate="0" branch-rate="1" complexity="1">
              <lines>
                <line number="15" hits="0" branch="False" />
              </lines>
            </method>
          </methods>
          <lines>
            <line number="15" hits="0" branch="False" />
          </lines>
        </class>
        <class name="LogiFlow.Mobile.ViewModels.Settings.SettingsViewModel" filename="obj\Debug\net9.0\CommunityToolkit.Mvvm.SourceGenerators\CommunityToolkit.Mvvm.SourceGenerators.RelayCommandGenerator\LogiFlow.Mobile.ViewModels.Settings.SettingsViewModel.TestScannerAsync.g.cs" line-rate="0" branch-rate="1" complexity="1">
          <methods>
            <method name="&lt;get_TestScannerCommand&gt;b__105_0" signature="()" line-rate="0" branch-rate="1" complexity="1">
              <lines>
                <line number="15" hits="0" branch="False" />
              </lines>
            </method>
          </methods>
          <lines>
            <line number="15" hits="0" branch="False" />
          </lines>
        </class>
        <class name="LogiFlow.Mobile.ViewModels.Settings.SettingsViewModel" filename="obj\Debug\net9.0\CommunityToolkit.Mvvm.SourceGenerators\CommunityToolkit.Mvvm.SourceGenerators.RelayCommandGenerator\LogiFlow.Mobile.ViewModels.Settings.SettingsViewModel.TestConnectionAsync.g.cs" line-rate="0" branch-rate="1" complexity="1">
          <methods>
            <method name="&lt;get_TestConnectionCommand&gt;b__108_0" signature="()" line-rate="0" branch-rate="1" complexity="1">
              <lines>
                <line number="15" hits="0" branch="False" />
              </lines>
            </method>
          </methods>
          <lines>
            <line number="15" hits="0" branch="False" />
          </lines>
        </class>
        <class name="LogiFlow.Mobile.ViewModels.Reception.ChecklistItemViewModel" filename="ViewModels\Reception\ChecklistItemViewModel.cs" line-rate="1" branch-rate="1" complexity="1">
          <methods>
            <method name="get_Description" signature="()" line-rate="1" branch-rate="1" complexity="1">
              <lines>
                <line number="14" hits="116" branch="False" />
              </lines>
            </method>
          </methods>
          <lines>
            <line number="14" hits="116" branch="False" />
          </lines>
        </class>
        <class name="LogiFlow.Mobile.ViewModels.Reception.ReceptionChecklistViewModel" filename="ViewModels\Reception\ReceptionChecklistViewModel.cs" line-rate="1" branch-rate="0.8332999999999999" complexity="15">
          <methods>
            <method name="get_ChecklistItems" signature="()" line-rate="1" branch-rate="1" complexity="1">
              <lines>
                <line number="60" hits="178" branch="False" />
              </lines>
            </method>
            <method name="Load" signature="()" line-rate="1" branch-rate="1" complexity="2">
              <lines>
                <line number="66" hits="18" branch="False" />
                <line number="67" hits="18" branch="False" />
                <line number="69" hits="18" branch="False" />
                <line number="71" hits="18" branch="True" condition-coverage="100% (2/2)">
                  <conditions>
                    <condition number="27" type="jump" coverage="100%" />
                  </conditions>
                </line>
                <line number="72" hits="2" branch="False" />
                <line number="73" hits="2" branch="False" />
                <line number="74" hits="2" branch="False" />
                <line number="75" hits="2" branch="False" />
                <line number="76" hits="2" branch="False" />
                <line number="79" hits="16" branch="False" />
                <line number="80" hits="16" branch="False" />
                <line number="82" hits="16" branch="False" />
                <line number="84" hits="16" branch="False" />
                <line number="85" hits="18" branch="False" />
              </lines>
            </method>
            <method name="RefreshAllItemsChecked" signature="()" line-rate="1" branch-rate="1" complexity="2">
              <lines>
                <line number="92" hits="35" branch="False" />
                <line number="93" hits="98" branch="True" condition-coverage="100% (2/2)">
                  <conditions>
                    <condition number="14" type="jump" coverage="100%" />
                  </conditions>
                </line>
                <line number="94" hits="35" branch="False" />
                <line number="95" hits="35" branch="False" />
              </lines>
            </method>
            <method name="CanContinue" signature="()" line-rate="1" branch-rate="0.5" complexity="2">
              <lines>
                <line number="97" hits="3" branch="True" condition-coverage="50% (1/2)">
                  <conditions>
                    <condition number="6" type="jump" coverage="50%" />
                  </conditions>
                </line>
              </lines>
            </method>
            <method name="BuildChecklist" signature="(System.String)" line-rate="1" branch-rate="0.8332999999999999" complexity="6">
              <lines>
                <line number="137" hits="16" branch="False" />
                <line number="138" hits="16" branch="False" />
                <line number="141" hits="16" branch="False" />
                <line number="142" hits="16" branch="False" />
                <line number="143" hits="16" branch="False" />
                <line number="146" hits="16" branch="True" condition-coverage="100% (2/2)">
                  <conditions>
                    <condition number="95" type="jump" coverage="100%" />
                  </conditions>
                </line>
                <line number="147" hits="2" branch="False" />
                <line number="148" hits="2" branch="False" />
                <line number="149" hits="2" branch="False" />
                <line number="150" hits="2" branch="False" />
                <line number="151" hits="2" branch="False" />
                <line number="154" hits="16" branch="True" condition-coverage="50% (1/2)">
                  <conditions>
                    <condition number="180" type="jump" coverage="50%" />
                  </conditions>
                </line>
                <line number="155" hits="18" branch="False" />
                <line number="157" hits="16" branch="True" condition-coverage="100% (2/2)">
                  <conditions>
                    <condition number="231" type="jump" coverage="100%" />
                  </conditions>
                </line>
                <line number="158" hits="2" branch="False" />
                <line number="159" hits="2" branch="False" />
                <line number="160" hits="2" branch="False" />
                <line number="161" hits="2" branch="False" />
                <line number="163" hits="16" branch="False" />
                <line number="164" hits="16" branch="False" />
              </lines>
            </method>
            <method name="AddChecklistItem" signature="(System.String)" line-rate="1" branch-rate="1" complexity="1">
              <lines>
                <line number="167" hits="58" branch="False" />
                <line number="168" hits="58" branch="False" />
                <line number="169" hits="75" branch="False" />
                <line number="170" hits="58" branch="False" />
                <line number="171" hits="58" branch="False" />
              </lines>
            </method>
            <method name=".ctor" signature="(LogiFlow.Mobile.Services.Interfaces.IReceptionSessionService,LogiFlow.Mobile.Services.Interfaces.INavigationService,LogiFlow.Mobile.Services.Interfaces.ILocalizationService,LogiFlow.Mobile.Services.Interfaces.ILogService,LogiFlow.Mobile.Services.Interfaces.IErrorHandlerService)" line-rate="1" branch-rate="1" complexity="1">
              <lines>
                <line number="25" hits="22" branch="False" />
                <line number="28" hits="22" branch="False" />
                <line number="41" hits="22" branch="False" />
                <line number="42" hits="22" branch="False" />
                <line number="43" hits="22" branch="False" />
                <line number="44" hits="22" branch="False" />
                <line number="45" hits="22" branch="False" />
                <line number="46" hits="22" branch="False" />
                <line number="47" hits="22" branch="False" />
                <line number="48" hits="22" branch="False" />
                <line number="49" hits="22" branch="False" />
                <line number="50" hits="22" branch="False" />
                <line number="51" hits="22" branch="False" />
                <line number="52" hits="22" branch="False" />
                <line number="54" hits="22" branch="False" />
                <line number="55" hits="22" branch="False" />
              </lines>
            </method>
          </methods>
          <lines>
            <line number="60" hits="178" branch="False" />
            <line number="66" hits="18" branch="False" />
            <line number="67" hits="18" branch="False" />
            <line number="69" hits="18" branch="False" />
            <line number="71" hits="18" branch="True" condition-coverage="100% (2/2)">
              <conditions>
                <condition number="27" type="jump" coverage="100%" />
              </conditions>
            </line>
            <line number="72" hits="2" branch="False" />
            <line number="73" hits="2" branch="False" />
            <line number="74" hits="2" branch="False" />
            <line number="75" hits="2" branch="False" />
            <line number="76" hits="2" branch="False" />
            <line number="79" hits="16" branch="False" />
            <line number="80" hits="16" branch="False" />
            <line number="82" hits="16" branch="False" />
            <line number="84" hits="16" branch="False" />
            <line number="85" hits="18" branch="False" />
            <line number="92" hits="35" branch="False" />
            <line number="93" hits="98" branch="True" condition-coverage="100% (2/2)">
              <conditions>
                <condition number="14" type="jump" coverage="100%" />
              </conditions>
            </line>
            <line number="94" hits="35" branch="False" />
            <line number="95" hits="35" branch="False" />
            <line number="97" hits="3" branch="True" condition-coverage="50% (1/2)">
              <conditions>
                <condition number="6" type="jump" coverage="50%" />
              </conditions>
            </line>
            <line number="137" hits="16" branch="False" />
            <line number="138" hits="16" branch="False" />
            <line number="141" hits="16" branch="False" />
            <line number="142" hits="16" branch="False" />
            <line number="143" hits="16" branch="False" />
            <line number="146" hits="16" branch="True" condition-coverage="100% (2/2)">
              <conditions>
                <condition number="95" type="jump" coverage="100%" />
              </conditions>
            </line>
            <line number="147" hits="2" branch="False" />
            <line number="148" hits="2" branch="False" />
            <line number="149" hits="2" branch="False" />
            <line number="150" hits="2" branch="False" />
            <line number="151" hits="2" branch="False" />
            <line number="154" hits="16" branch="True" condition-coverage="50% (1/2)">
              <conditions>
                <condition number="180" type="jump" coverage="50%" />
              </conditions>
            </line>
            <line number="155" hits="18" branch="False" />
            <line number="157" hits="16" branch="True" condition-coverage="100% (2/2)">
              <conditions>
                <condition number="231" type="jump" coverage="100%" />
              </conditions>
            </line>
            <line number="158" hits="2" branch="False" />
            <line number="159" hits="2" branch="False" />
            <line number="160" hits="2" branch="False" />
            <line number="161" hits="2" branch="False" />
            <line number="163" hits="16" branch="False" />
            <line number="164" hits="16" branch="False" />
            <line number="167" hits="58" branch="False" />
            <line number="168" hits="58" branch="False" />
            <line number="169" hits="75" branch="False" />
            <line number="170" hits="58" branch="False" />
            <line number="171" hits="58" branch="False" />
            <line number="25" hits="22" branch="False" />
            <line number="28" hits="22" branch="False" />
            <line number="41" hits="22" branch="False" />
            <line number="42" hits="22" branch="False" />
            <line number="43" hits="22" branch="False" />
            <line number="44" hits="22" branch="False" />
            <line number="45" hits="22" branch="False" />
            <line number="46" hits="22" branch="False" />
            <line number="47" hits="22" branch="False" />
            <line number="48" hits="22" branch="False" />
            <line number="49" hits="22" branch="False" />
            <line number="50" hits="22" branch="False" />
            <line number="51" hits="22" branch="False" />
            <line number="52" hits="22" branch="False" />
            <line number="54" hits="22" branch="False" />
            <line number="55" hits="22" branch="False" />
          </lines>
        </class>
        <class name="LogiFlow.Mobile.ViewModels.Reception.ReceptionChecklistViewModel/&lt;ContinueAsync&gt;d__15" filename="ViewModels\Reception\ReceptionChecklistViewModel.cs" line-rate="0.7646999999999999" branch-rate="0.5" complexity="2">
          <methods>
            <method name="MoveNext" signature="()" line-rate="0.7646999999999999" branch-rate="0.5" complexity="2">
              <lines>
                <line number="104" hits="2" branch="False" />
                <line number="105" hits="2" branch="True" condition-coverage="50% (1/2)">
                  <conditions>
                    <condition number="31" type="jump" coverage="50%" />
                  </conditions>
                </line>
                <line number="106" hits="0" branch="False" />
                <line number="107" hits="0" branch="False" />
                <line number="108" hits="0" branch="False" />
                <line number="109" hits="0" branch="False" />
                <line number="112" hits="2" branch="False" />
                <line number="114" hits="2" branch="False" />
                <line number="117" hits="2" branch="False" />
                <line number="118" hits="2" branch="False" />
                <line number="119" hits="1" branch="False" />
                <line number="120" hits="1" branch="False" />
                <line number="121" hits="1" branch="False" />
                <line number="122" hits="1" branch="False" />
                <line number="123" hits="1" branch="False" />
                <line number="124" hits="1" branch="False" />
                <line number="125" hits="2" branch="False" />
              </lines>
            </method>
          </methods>
          <lines>
            <line number="104" hits="2" branch="False" />
            <line number="105" hits="2" branch="True" condition-coverage="50% (1/2)">
              <conditions>
                <condition number="31" type="jump" coverage="50%" />
              </conditions>
            </line>
            <line number="106" hits="0" branch="False" />
            <line number="107" hits="0" branch="False" />
            <line number="108" hits="0" branch="False" />
            <line number="109" hits="0" branch="False" />
            <line number="112" hits="2" branch="False" />
            <line number="114" hits="2" branch="False" />
            <line number="117" hits="2" branch="False" />
            <line number="118" hits="2" branch="False" />
            <line number="119" hits="1" branch="False" />
            <line number="120" hits="1" branch="False" />
            <line number="121" hits="1" branch="False" />
            <line number="122" hits="1" branch="False" />
            <line number="123" hits="1" branch="False" />
            <line number="124" hits="1" branch="False" />
            <line number="125" hits="2" branch="False" />
          </lines>
        </class>
        <class name="LogiFlow.Mobile.ViewModels.Reception.ReceptionChecklistViewModel/&lt;GoBackAsync&gt;d__16" filename="ViewModels\Reception\ReceptionChecklistViewModel.cs" line-rate="1" branch-rate="1" complexity="1">
          <methods>
            <method name="MoveNext" signature="()" line-rate="1" branch-rate="1" complexity="1">
              <lines>
                <line number="132" hits="1" branch="False" />
                <line number="133" hits="1" branch="False" />
                <line number="134" hits="1" branch="False" />
              </lines>
            </method>
          </methods>
          <lines>
            <line number="132" hits="1" branch="False" />
            <line number="133" hits="1" branch="False" />
            <line number="134" hits="1" branch="False" />
          </lines>
        </class>
        <class name="LogiFlow.Mobile.ViewModels.Reception.ReceptionChecklistViewModel" filename="obj\Debug\net9.0\CommunityToolkit.Mvvm.SourceGenerators\CommunityToolkit.Mvvm.SourceGenerators.RelayCommandGenerator\LogiFlow.Mobile.ViewModels.Reception.ReceptionChecklistViewModel.GoBackAsync.g.cs" line-rate="0" branch-rate="1" complexity="1">
          <methods>
            <method name="&lt;get_GoBackCommand&gt;b__45_0" signature="()" line-rate="0" branch-rate="1" complexity="1">
              <lines>
                <line number="15" hits="0" branch="False" />
              </lines>
            </method>
          </methods>
          <lines>
            <line number="15" hits="0" branch="False" />
          </lines>
        </class>
        <class name="LogiFlow.Mobile.ViewModels.Reception.ReceptionConfirmationViewModel" filename="ViewModels\Reception\ReceptionConfirmationViewModel.cs" line-rate="1" branch-rate="0.75" complexity="8">
          <methods>
            <method name="Load" signature="()" line-rate="1" branch-rate="1" complexity="2">
              <lines>
                <line number="85" hits="8" branch="False" />
                <line number="86" hits="8" branch="False" />
                <line number="87" hits="8" branch="False" />
                <line number="88" hits="8" branch="False" />
                <line number="89" hits="8" branch="False" />
                <line number="91" hits="8" branch="False" />
                <line number="93" hits="8" branch="True" condition-coverage="100% (2/2)">
                  <conditions>
                    <condition number="55" type="jump" coverage="100%" />
                  </conditions>
                </line>
                <line number="94" hits="2" branch="False" />
                <line number="95" hits="2" branch="False" />
                <line number="96" hits="2" branch="False" />
                <line number="97" hits="2" branch="False" />
                <line number="98" hits="2" branch="False" />
                <line number="101" hits="6" branch="False" />
                <line number="102" hits="6" branch="False" />
                <line number="103" hits="6" branch="False" />
                <line number="104" hits="6" branch="False" />
                <line number="105" hits="6" branch="False" />
                <line number="106" hits="17" branch="False" />
                <line number="108" hits="6" branch="False" />
                <line number="109" hits="8" branch="False" />
              </lines>
            </method>
            <method name="StartRejectAsync" signature="()" line-rate="1" branch-rate="1" complexity="1">
              <lines>
                <line number="148" hits="5" branch="False" />
                <line number="149" hits="5" branch="False" />
                <line number="150" hits="5" branch="False" />
                <line number="151" hits="5" branch="False" />
                <line number="152" hits="5" branch="False" />
                <line number="153" hits="5" branch="False" />
              </lines>
            </method>
            <method name="CancelReject" signature="()" line-rate="1" branch-rate="1" complexity="1">
              <lines>
                <line number="160" hits="2" branch="False" />
                <line number="161" hits="2" branch="False" />
                <line number="162" hits="2" branch="False" />
                <line number="163" hits="2" branch="False" />
                <line number="164" hits="2" branch="False" />
                <line number="165" hits="2" branch="False" />
              </lines>
            </method>
            <method name="CanReject" signature="()" line-rate="1" branch-rate="0.5" complexity="2">
              <lines>
                <line number="167" hits="3" branch="True" condition-coverage="50% (1/2)">
                  <conditions>
                    <condition number="6" type="jump" coverage="50%" />
                  </conditions>
                </line>
              </lines>
            </method>
            <method name="OnRejectionReasonChanged" signature="(System.String)" line-rate="1" branch-rate="1" complexity="1">
              <lines>
                <line number="223" hits="13" branch="False" />
                <line number="224" hits="13" branch="False" />
                <line number="225" hits="13" branch="False" />
                <line number="226" hits="13" branch="False" />
                <line number="227" hits="13" branch="False" />
              </lines>
            </method>
            <method name=".ctor" signature="(LogiFlow.Mobile.Services.Interfaces.IReceptionService,LogiFlow.Mobile.Services.Interfaces.IReceptionSessionService,LogiFlow.Mobile.Services.Interfaces.INavigationService,LogiFlow.Mobile.Services.Interfaces.ILocalizationService,LogiFlow.Mobile.Services.Interfaces.ILogService,LogiFlow.Mobile.Services.Interfaces.IErrorHandlerService)" line-rate="1" branch-rate="1" complexity="1">
              <lines>
                <line number="26" hits="27" branch="False" />
                <line number="29" hits="27" branch="False" />
                <line number="32" hits="27" branch="False" />
                <line number="35" hits="27" branch="False" />
                <line number="48" hits="27" branch="False" />
                <line number="63" hits="27" branch="False" />
                <line number="64" hits="27" branch="False" />
                <line number="65" hits="27" branch="False" />
                <line number="66" hits="27" branch="False" />
                <line number="67" hits="27" branch="False" />
                <line number="68" hits="27" branch="False" />
                <line number="69" hits="27" branch="False" />
                <line number="70" hits="27" branch="False" />
                <line number="71" hits="27" branch="False" />
                <line number="72" hits="27" branch="False" />
                <line number="73" hits="27" branch="False" />
                <line number="74" hits="27" branch="False" />
                <line number="75" hits="27" branch="False" />
                <line number="76" hits="27" branch="False" />
                <line number="78" hits="27" branch="False" />
                <line number="79" hits="27" branch="False" />
              </lines>
            </method>
          </methods>
          <lines>
            <line number="85" hits="8" branch="False" />
            <line number="86" hits="8" branch="False" />
            <line number="87" hits="8" branch="False" />
            <line number="88" hits="8" branch="False" />
            <line number="89" hits="8" branch="False" />
            <line number="91" hits="8" branch="False" />
            <line number="93" hits="8" branch="True" condition-coverage="100% (2/2)">
              <conditions>
                <condition number="55" type="jump" coverage="100%" />
              </conditions>
            </line>
            <line number="94" hits="2" branch="False" />
            <line number="95" hits="2" branch="False" />
            <line number="96" hits="2" branch="False" />
            <line number="97" hits="2" branch="False" />
            <line number="98" hits="2" branch="False" />
            <line number="101" hits="6" branch="False" />
            <line number="102" hits="6" branch="False" />
            <line number="103" hits="6" branch="False" />
            <line number="104" hits="6" branch="False" />
            <line number="105" hits="6" branch="False" />
            <line number="106" hits="17" branch="False" />
            <line number="108" hits="6" branch="False" />
            <line number="109" hits="8" branch="False" />
            <line number="148" hits="5" branch="False" />
            <line number="149" hits="5" branch="False" />
            <line number="150" hits="5" branch="False" />
            <line number="151" hits="5" branch="False" />
            <line number="152" hits="5" branch="False" />
            <line number="153" hits="5" branch="False" />
            <line number="160" hits="2" branch="False" />
            <line number="161" hits="2" branch="False" />
            <line number="162" hits="2" branch="False" />
            <line number="163" hits="2" branch="False" />
            <line number="164" hits="2" branch="False" />
            <line number="165" hits="2" branch="False" />
            <line number="167" hits="3" branch="True" condition-coverage="50% (1/2)">
              <conditions>
                <condition number="6" type="jump" coverage="50%" />
              </conditions>
            </line>
            <line number="223" hits="13" branch="False" />
            <line number="224" hits="13" branch="False" />
            <line number="225" hits="13" branch="False" />
            <line number="226" hits="13" branch="False" />
            <line number="227" hits="13" branch="False" />
            <line number="26" hits="27" branch="False" />
            <line number="29" hits="27" branch="False" />
            <line number="32" hits="27" branch="False" />
            <line number="35" hits="27" branch="False" />
            <line number="48" hits="27" branch="False" />
            <line number="63" hits="27" branch="False" />
            <line number="64" hits="27" branch="False" />
            <line number="65" hits="27" branch="False" />
            <line number="66" hits="27" branch="False" />
            <line number="67" hits="27" branch="False" />
            <line number="68" hits="27" branch="False" />
            <line number="69" hits="27" branch="False" />
            <line number="70" hits="27" branch="False" />
            <line number="71" hits="27" branch="False" />
            <line number="72" hits="27" branch="False" />
            <line number="73" hits="27" branch="False" />
            <line number="74" hits="27" branch="False" />
            <line number="75" hits="27" branch="False" />
            <line number="76" hits="27" branch="False" />
            <line number="78" hits="27" branch="False" />
            <line number="79" hits="27" branch="False" />
          </lines>
        </class>
        <class name="LogiFlow.Mobile.ViewModels.Reception.ReceptionConfirmationViewModel/&lt;ConfirmAsync&gt;d__17" filename="ViewModels\Reception\ReceptionConfirmationViewModel.cs" line-rate="1" branch-rate="1" complexity="1">
          <methods>
            <method name="MoveNext" signature="()" line-rate="1" branch-rate="1" complexity="1">
              <lines>
                <line number="116" hits="3" branch="False" />
                <line number="117" hits="3" branch="False" />
                <line number="118" hits="3" branch="False" />
                <line number="120" hits="3" branch="False" />
                <line number="123" hits="3" branch="False" />
                <line number="124" hits="3" branch="False" />
                <line number="125" hits="3" branch="False" />
                <line number="127" hits="2" branch="False" />
                <line number="129" hits="2" branch="False" />
                <line number="130" hits="2" branch="False" />
                <line number="131" hits="2" branch="False" />
                <line number="132" hits="1" branch="False" />
                <line number="133" hits="1" branch="False" />
                <line number="134" hits="1" branch="False" />
                <line number="135" hits="1" branch="False" />
                <line number="136" hits="1" branch="False" />
                <line number="138" hits="3" branch="False" />
                <line number="139" hits="3" branch="False" />
                <line number="140" hits="3" branch="False" />
                <line number="141" hits="3" branch="False" />
              </lines>
            </method>
          </methods>
          <lines>
            <line number="116" hits="3" branch="False" />
            <line number="117" hits="3" branch="False" />
            <line number="118" hits="3" branch="False" />
            <line number="120" hits="3" branch="False" />
            <line number="123" hits="3" branch="False" />
            <line number="124" hits="3" branch="False" />
            <line number="125" hits="3" branch="False" />
            <line number="127" hits="2" branch="False" />
            <line number="129" hits="2" branch="False" />
            <line number="130" hits="2" branch="False" />
            <line number="131" hits="2" branch="False" />
            <line number="132" hits="1" branch="False" />
            <line number="133" hits="1" branch="False" />
            <line number="134" hits="1" branch="False" />
            <line number="135" hits="1" branch="False" />
            <line number="136" hits="1" branch="False" />
            <line number="138" hits="3" branch="False" />
            <line number="139" hits="3" branch="False" />
            <line number="140" hits="3" branch="False" />
            <line number="141" hits="3" branch="False" />
          </lines>
        </class>
        <class name="LogiFlow.Mobile.ViewModels.Reception.ReceptionConfirmationViewModel/&lt;GoBackAsync&gt;d__22" filename="ViewModels\Reception\ReceptionConfirmationViewModel.cs" line-rate="1" branch-rate="1" complexity="1">
          <methods>
            <method name="MoveNext" signature="()" line-rate="1" branch-rate="1" complexity="1">
              <lines>
                <line number="218" hits="1" branch="False" />
                <line number="219" hits="1" branch="False" />
                <line number="220" hits="1" branch="False" />
              </lines>
            </method>
          </methods>
          <lines>
            <line number="218" hits="1" branch="False" />
            <line number="219" hits="1" branch="False" />
[...]
            <line number="29" hits="4" branch="False" />
          </lines>
        </class>
        <class name="LogiFlow.Mobile.Exceptions.AuthException" filename="Exceptions\AuthException.cs" line-rate="1" branch-rate="1" complexity="2">
          <methods>
            <method name="get_Username" signature="()" line-rate="1" branch-rate="1" complexity="1">
              <lines>
                <line number="23" hits="3" branch="False" />
              </lines>
            </method>
            <method name=".ctor" signature="(System.String,System.String,System.Exception)" line-rate="1" branch-rate="1" complexity="1">
              <lines>
                <line number="15" hits="6" branch="False" />
                <line number="16" hits="6" branch="False" />
                <line number="17" hits="6" branch="False" />
                <line number="18" hits="6" branch="False" />
              </lines>
            </method>
          </methods>
          <lines>
            <line number="23" hits="3" branch="False" />
            <line number="15" hits="6" branch="False" />
            <line number="16" hits="6" branch="False" />
            <line number="17" hits="6" branch="False" />
            <line number="18" hits="6" branch="False" />
          </lines>
        </class>
        <class name="LogiFlow.Mobile.Exceptions.ConnectionException" filename="Exceptions\ConnectionException.cs" line-rate="1" branch-rate="1" complexity="2">
          <methods>
            <method name="get_Url" signature="()" line-rate="1" branch-rate="1" complexity="1">
              <lines>
                <line number="23" hits="3" branch="False" />
              </lines>
            </method>
            <method name=".ctor" signature="(System.String,System.String,System.Exception)" line-rate="1" branch-rate="1" complexity="1">
              <lines>
                <line number="15" hits="5" branch="False" />
                <line number="16" hits="5" branch="False" />
                <line number="17" hits="5" branch="False" />
                <line number="18" hits="5" branch="False" />
              </lines>
            </method>
          </methods>
          <lines>
            <line number="23" hits="3" branch="False" />
            <line number="15" hits="5" branch="False" />
            <line number="16" hits="5" branch="False" />
            <line number="17" hits="5" branch="False" />
            <line number="18" hits="5" branch="False" />
          </lines>
        </class>
        <class name="LogiFlow.Mobile.Exceptions.ValidationException" filename="Exceptions\ValidationException.cs" line-rate="1" branch-rate="1" complexity="2">
          <methods>
            <method name="get_Field" signature="()" line-rate="1" branch-rate="1" complexity="1">
              <lines>
                <line number="22" hits="3" branch="False" />
              </lines>
            </method>
            <method name=".ctor" signature="(System.String,System.String)" line-rate="1" branch-rate="1" complexity="1">
              <lines>
                <line number="14" hits="7" branch="False" />
                <line number="15" hits="7" branch="False" />
                <line number="16" hits="7" branch="False" />
                <line number="17" hits="7" branch="False" />
              </lines>
            </method>
          </methods>
          <lines>
            <line number="22" hits="3" branch="False" />
            <line number="14" hits="7" branch="False" />
            <line number="15" hits="7" branch="False" />
            <line number="16" hits="7" branch="False" />
            <line number="17" hits="7" branch="False" />
          </lines>
        </class>
        <class name="LogiFlow.Mobile.DTOs.ItemDto" filename="DTOs\ItemDto.cs" line-rate="1" branch-rate="1" complexity="6">
          <methods>
            <method name="get_ItemCode" signature="()" line-rate="1" branch-rate="1" complexity="1">
              <lines>
                <line number="9" hits="34" branch="False" />
              </lines>
            </method>
            <method name="get_Article" signature="()" line-rate="1" branch-rate="1" complexity="1">
              <lines>
                <line number="12" hits="35" branch="False" />
              </lines>
            </method>
            <method name="get_ArticleDescription" signature="()" line-rate="1" branch-rate="1" complexity="1">
              <lines>
                <line number="15" hits="19" branch="False" />
              </lines>
            </method>
            <method name="get_Quantity" signature="()" line-rate="1" branch-rate="1" complexity="1">
              <lines>
                <line number="18" hits="32" branch="False" />
              </lines>
            </method>
            <method name="get_Location" signature="()" line-rate="1" branch-rate="1" complexity="1">
              <lines>
                <line number="21" hits="33" branch="False" />
              </lines>
            </method>
            <method name="get_Status" signature="()" line-rate="1" branch-rate="1" complexity="1">
              <lines>
                <line number="24" hits="35" branch="False" />
              </lines>
            </method>
          </methods>
          <lines>
            <line number="9" hits="34" branch="False" />
            <line number="12" hits="35" branch="False" />
            <line number="15" hits="19" branch="False" />
            <line number="18" hits="32" branch="False" />
            <line number="21" hits="33" branch="False" />
            <line number="24" hits="35" branch="False" />
          </lines>
        </class>
        <class name="LogiFlow.Mobile.DTOs.LoginResultDto" filename="DTOs\LoginResultDto.cs" line-rate="1" branch-rate="1" complexity="4">
          <methods>
            <method name="get_IsSuccess" signature="()" line-rate="1" branch-rate="1" complexity="1">
              <lines>
                <line number="11" hits="21" branch="False" />
              </lines>
            </method>
            <method name="get_UserId" signature="()" line-rate="1" branch-rate="1" complexity="1">
              <lines>
                <line number="16" hits="20" branch="False" />
              </lines>
            </method>
            <method name="get_UserName" signature="()" line-rate="1" branch-rate="1" complexity="1">
              <lines>
                <line number="21" hits="19" branch="False" />
              </lines>
            </method>
            <method name="get_ErrorMessage" signature="()" line-rate="1" branch-rate="1" complexity="1">
              <lines>
                <line number="26" hits="10" branch="False" />
              </lines>
            </method>
          </methods>
          <lines>
            <line number="11" hits="21" branch="False" />
            <line number="16" hits="20" branch="False" />
            <line number="21" hits="19" branch="False" />
            <line number="26" hits="10" branch="False" />
          </lines>
        </class>
        <class name="LogiFlow.Mobile.DTOs.ReceptionDetailDto" filename="DTOs\ReceptionDetailDto.cs" line-rate="1" branch-rate="1" complexity="9">
          <methods>
            <method name="get_Article" signature="()" line-rate="1" branch-rate="1" complexity="1">
              <lines>
                <line number="11" hits="106" branch="False" />
              </lines>
            </method>
            <method name="get_ArticleDescription" signature="()" line-rate="1" branch-rate="1" complexity="1">
              <lines>
                <line number="16" hits="51" branch="False" />
              </lines>
            </method>
            <method name="get_Quantity" signature="()" line-rate="1" branch-rate="1" complexity="1">
              <lines>
                <line number="21" hits="60" branch="False" />
              </lines>
            </method>
            <method name="get_Width" signature="()" line-rate="1" branch-rate="1" complexity="1">
              <lines>
                <line number="26" hits="8" branch="False" />
              </lines>
            </method>
            <method name="get_Height" signature="()" line-rate="1" branch-rate="1" complexity="1">
              <lines>
                <line number="31" hits="8" branch="False" />
              </lines>
            </method>
            <method name="get_Depth" signature="()" line-rate="1" branch-rate="1" complexity="1">
              <lines>
                <line number="36" hits="8" branch="False" />
              </lines>
            </method>
            <method name="get_Weight" signature="()" line-rate="1" branch-rate="1" complexity="1">
              <lines>
                <line number="41" hits="8" branch="False" />
              </lines>
            </method>
            <method name="get_Location" signature="()" line-rate="1" branch-rate="1" complexity="1">
              <lines>
                <line number="46" hits="90" branch="False" />
              </lines>
            </method>
            <method name="get_ExtraFields" signature="()" line-rate="1" branch-rate="1" complexity="1">
              <lines>
                <line number="51" hits="11" branch="False" />
              </lines>
            </method>
          </methods>
          <lines>
            <line number="11" hits="106" branch="False" />
            <line number="16" hits="51" branch="False" />
            <line number="21" hits="60" branch="False" />
            <line number="26" hits="8" branch="False" />
            <line number="31" hits="8" branch="False" />
            <line number="36" hits="8" branch="False" />
            <line number="41" hits="8" branch="False" />
            <line number="46" hits="90" branch="False" />
            <line number="51" hits="11" branch="False" />
          </lines>
        </class>
        <class name="LogiFlow.Mobile.DTOs.ReceptionDto" filename="DTOs\ReceptionDto.cs" line-rate="1" branch-rate="1" complexity="5">
          <methods>
            <method name="get_ReceptionNumber" signature="()" line-rate="1" branch-rate="1" complexity="1">
              <lines>
                <line number="11" hits="284" branch="False" />
              </lines>
            </method>
            <method name="get_FlowType" signature="()" line-rate="1" branch-rate="1" complexity="1">
              <lines>
                <line number="16" hits="310" branch="False" />
              </lines>
            </method>
            <method name="get_Status" signature="()" line-rate="1" branch-rate="1" complexity="1">
              <lines>
                <line number="21" hits="204" branch="False" />
              </lines>
            </method>
            <method name="get_Header" signature="()" line-rate="1" branch-rate="1" complexity="1">
              <lines>
                <line number="26" hits="244" branch="False" />
              </lines>
            </method>
            <method name="get_DetailLines" signature="()" line-rate="1" branch-rate="1" complexity="1">
              <lines>
                <line number="31" hits="189" branch="False" />
              </lines>
            </method>
          </methods>
          <lines>
            <line number="11" hits="284" branch="False" />
            <line number="16" hits="310" branch="False" />
            <line number="21" hits="204" branch="False" />
            <line number="26" hits="244" branch="False" />
            <line number="31" hits="189" branch="False" />
          </lines>
        </class>
        <class name="LogiFlow.Mobile.DTOs.ReceptionExtraFieldsDto" filename="DTOs\ReceptionExtraFieldsDto.cs" line-rate="1" branch-rate="1" complexity="3">
          <methods>
            <method name="get_SampleReference" signature="()" line-rate="1" branch-rate="1" complexity="1">
              <lines>
                <line number="11" hits="5" branch="False" />
              </lines>
            </method>
            <method name="get_LotNumber" signature="()" line-rate="1" branch-rate="1" complexity="1">
              <lines>
                <line number="16" hits="5" branch="False" />
              </lines>
            </method>
            <method name="get_Observations" signature="()" line-rate="1" branch-rate="1" complexity="1">
              <lines>
                <line number="21" hits="4" branch="False" />
              </lines>
            </method>
          </methods>
          <lines>
            <line number="11" hits="5" branch="False" />
            <line number="16" hits="5" branch="False" />
            <line number="21" hits="4" branch="False" />
          </lines>
        </class>
        <class name="LogiFlow.Mobile.DTOs.ReceptionHeaderDto" filename="DTOs\ReceptionHeaderDto.cs" line-rate="1" branch-rate="1" complexity="5">
          <methods>
            <method name="get_Sender" signature="()" line-rate="1" branch-rate="1" complexity="1">
              <lines>
                <line number="11" hits="284" branch="False" />
              </lines>
            </method>
            <method name="get_Recipient" signature="()" line-rate="1" branch-rate="1" complexity="1">
              <lines>
                <line number="16" hits="284" branch="False" />
              </lines>
            </method>
            <method name="get_DeliveryNote" signature="()" line-rate="1" branch-rate="1" complexity="1">
              <lines>
                <line number="21" hits="210" branch="False" />
              </lines>
            </method>
            <method name="get_Observations" signature="()" line-rate="1" branch-rate="1" complexity="1">
              <lines>
                <line number="26" hits="205" branch="False" />
              </lines>
            </method>
            <method name="get_ExpectedDate" signature="()" line-rate="1" branch-rate="1" complexity="1">
              <lines>
                <line number="31" hits="207" branch="False" />
              </lines>
            </method>
          </methods>
          <lines>
            <line number="11" hits="284" branch="False" />
            <line number="16" hits="284" branch="False" />
            <line number="21" hits="210" branch="False" />
            <line number="26" hits="205" branch="False" />
            <line number="31" hits="207" branch="False" />
          </lines>
        </class>
        <class name="LogiFlow.Mobile.DTOs.SettingsDto" filename="DTOs\SettingsDto.cs" line-rate="1" branch-rate="1" complexity="11">
          <methods>
            <method name="get_UsuarioActivo" signature="()" line-rate="1" branch-rate="1" complexity="1">
              <lines>
                <line number="11" hits="133" branch="False" />
              </lines>
            </method>
            <method name="get_Idioma" signature="()" line-rate="1" branch-rate="1" complexity="1">
              <lines>
                <line number="16" hits="134" branch="False" />
              </lines>
            </method>
            <method name="get_TemaVisual" signature="()" line-rate="1" branch-rate="1" complexity="1">
              <lines>
                <line number="21" hits="134" branch="False" />
              </lines>
            </method>
            <method name="get_ModoDemo" signature="()" line-rate="1" branch-rate="1" complexity="1">
              <lines>
                <line number="26" hits="108" branch="False" />
              </lines>
            </method>
            <method name="get_TipoLector" signature="()" line-rate="1" branch-rate="1" complexity="1">
              <lines>
                <line number="31" hits="134" branch="False" />
              </lines>
            </method>
            <method name="get_SonidoCorrecto" signature="()" line-rate="1" branch-rate="1" complexity="1">
              <lines>
                <line number="36" hits="108" branch="False" />
              </lines>
            </method>
            <method name="get_VibracionCorrecta" signature="()" line-rate="1" branch-rate="1" complexity="1">
              <lines>
                <line number="41" hits="108" branch="False" />
              </lines>
            </method>
            <method name="get_SonidoError" signature="()" line-rate="1" branch-rate="1" complexity="1">
              <lines>
                <line number="46" hits="108" branch="False" />
              </lines>
            </method>
            <method name="get_EntornoServidor" signature="()" line-rate="1" branch-rate="1" complexity="1">
              <lines>
                <line number="51" hits="134" branch="False" />
              </lines>
            </method>
            <method name="get_UrlServidor" signature="()" line-rate="1" branch-rate="1" complexity="1">
              <lines>
                <line number="56" hits="178" branch="False" />
              </lines>
            </method>
            <method name="get_Timeout" signature="()" line-rate="1" branch-rate="1" complexity="1">
              <lines>
                <line number="61" hits="166" branch="False" />
              </lines>
            </method>
          </methods>
          <lines>
            <line number="11" hits="133" branch="False" />
            <line number="16" hits="134" branch="False" />
            <line number="21" hits="134" branch="False" />
            <line number="26" hits="108" branch="False" />
            <line number="31" hits="134" branch="False" />
            <line number="36" hits="108" branch="False" />
            <line number="41" hits="108" branch="False" />
            <line number="46" hits="108" branch="False" />
            <line number="51" hits="134" branch="False" />
            <line number="56" hits="178" branch="False" />
            <line number="61" hits="166" branch="False" />
          </lines>
        </class>
        <class name="LogiFlow.Mobile.Converters.AppIconGlyphToStringConverter" filename="Converters\AppIconGlyphToStringConverter.cs" line-rate="1" branch-rate="1" complexity="5">
          <methods>
            <method name="Convert" signature="(System.Object,System.Type,System.Object,System.Globalization.CultureInfo)" line-rate="1" branch-rate="1" complexity="4">
              <lines>
                <line number="13" hits="5" branch="False" />
                <line number="14" hits="5" branch="True" condition-coverage="100% (4/4)">
                  <conditions>
                    <condition number="7" type="jump" coverage="100%" />
                    <condition number="22" type="jump" coverage="100%" />
                  </conditions>
                </line>
                <line number="15" hits="3" branch="False" />
                <line number="16" hits="3" branch="False" />
                <line number="19" hits="2" branch="False" />
                <line number="20" hits="5" branch="False" />
              </lines>
            </method>
            <method name="ConvertBack" signature="(System.Object,System.Type,System.Object,System.Globalization.CultureInfo)" line-rate="1" branch-rate="1" complexity="1">
              <lines>
                <line number="23" hits="1" branch="False" />
              </lines>
            </method>
          </methods>
          <lines>
            <line number="13" hits="5" branch="False" />
            <line number="14" hits="5" branch="True" condition-coverage="100% (4/4)">
              <conditions>
                <condition number="7" type="jump" coverage="100%" />
                <condition number="22" type="jump" coverage="100%" />
              </conditions>
            </line>
            <line number="15" hits="3" branch="False" />
            <line number="16" hits="3" branch="False" />
            <line number="19" hits="2" branch="False" />
            <line number="20" hits="5" branch="False" />
            <line number="23" hits="1" branch="False" />
          </lines>
        </class>
      </classes>
    </package>
  </packages>
</coverage>